List of installed scripts in ~/.vim/bundle/ directory.
.
├── cvim/
│   c.vim : C/C++ IDE -- Write and run programs. Insert statements, idioms, comments etc.
│   http://www.vim.org/scripts/script.php?script_id=213
│   https://github.com/WolfgangMehner/vim-plugins
│
├── inkpot/
│   Inkpot : a dark scheme for GUI and 88/256 colour terms
│   https://github.com/ciaranm/inkpot.git
│
├── minibufexpl/
│   MiniBufExpl : Elegant buffer explorer - takes very little screen space
│   https://github.com/fholgado/minibufexpl.vim
│
├── nerdtree/
│   The NERD Tree : A tree explorer plugin that owns your momma!
│   https://github.com/scrooloose/nerdtree
│
└── vim-pathogen/
    pathogen.vim : Poor man's package manager. Easy manipulation of 'runtimepath' et al
    https://github.com/tpope/vim-pathogen

/* vim: set ft=text: */
